CRITICAL - 2023-05-12 14:03:02 --> Class "App\Models\ArtikelModel" not found
in APPPATH\Controllers\Artikel.php on line 12.
 1 SYSTEMPATH\CodeIgniter.php(934): App\Controllers\Artikel->index()
 2 SYSTEMPATH\CodeIgniter.php(499): CodeIgniter\CodeIgniter->runController(Object(App\Controllers\Artikel))
 3 SYSTEMPATH\CodeIgniter.php(368): CodeIgniter\CodeIgniter->handleRequest(null, Object(Config\Cache), false)
 4 FCPATH\index.php(67): CodeIgniter\CodeIgniter->run()
 5 SYSTEMPATH\Commands\Server\rewrite.php(47): require_once('C:\\xampp\\htdocs\\lab11_php_ci\\ci4\\public\\index.php')
CRITICAL - 2023-05-12 14:03:04 --> Class "App\Models\ArtikelModel" not found
in APPPATH\Controllers\Artikel.php on line 12.
 1 SYSTEMPATH\CodeIgniter.php(934): App\Controllers\Artikel->index()
 2 SYSTEMPATH\CodeIgniter.php(499): CodeIgniter\CodeIgniter->runController(Object(App\Controllers\Artikel))
 3 SYSTEMPATH\CodeIgniter.php(368): CodeIgniter\CodeIgniter->handleRequest(null, Object(Config\Cache), false)
 4 FCPATH\index.php(67): CodeIgniter\CodeIgniter->run()
 5 SYSTEMPATH\Commands\Server\rewrite.php(47): require_once('C:\\xampp\\htdocs\\lab11_php_ci\\ci4\\public\\index.php')
CRITICAL - 2023-05-12 14:03:05 --> Class "App\Models\ArtikelModel" not found
in APPPATH\Controllers\Artikel.php on line 12.
 1 SYSTEMPATH\CodeIgniter.php(934): App\Controllers\Artikel->index()
 2 SYSTEMPATH\CodeIgniter.php(499): CodeIgniter\CodeIgniter->runController(Object(App\Controllers\Artikel))
 3 SYSTEMPATH\CodeIgniter.php(368): CodeIgniter\CodeIgniter->handleRequest(null, Object(Config\Cache), false)
 4 FCPATH\index.php(67): CodeIgniter\CodeIgniter->run()
 5 SYSTEMPATH\Commands\Server\rewrite.php(47): require_once('C:\\xampp\\htdocs\\lab11_php_ci\\ci4\\public\\index.php')
CRITICAL - 2023-05-12 14:03:11 --> Invalid file: "contact.php"
in SYSTEMPATH\Exceptions\FrameworkException.php on line 33.
 1 SYSTEMPATH\View\View.php(201): CodeIgniter\Exceptions\FrameworkException::forInvalidFile('contact.php')
 2 SYSTEMPATH\Common.php(1184): CodeIgniter\View\View->render('contact', [], true)
 3 APPPATH\Controllers\page.php(18): view('contact', [...])
 4 SYSTEMPATH\CodeIgniter.php(934): App\Controllers\Page->contact()
 5 SYSTEMPATH\CodeIgniter.php(499): CodeIgniter\CodeIgniter->runController(Object(App\Controllers\Page))
 6 SYSTEMPATH\CodeIgniter.php(368): CodeIgniter\CodeIgniter->handleRequest(null, Object(Config\Cache), false)
 7 FCPATH\index.php(67): CodeIgniter\CodeIgniter->run()
 8 SYSTEMPATH\Commands\Server\rewrite.php(47): require_once('C:\\xampp\\htdocs\\lab11_php_ci\\ci4\\public\\index.php')
CRITICAL - 2023-05-12 14:07:18 --> Class "App\Models\ArtikelModel" not found
in APPPATH\Controllers\Artikel.php on line 12.
 1 SYSTEMPATH\CodeIgniter.php(934): App\Controllers\Artikel->index()
 2 SYSTEMPATH\CodeIgniter.php(499): CodeIgniter\CodeIgniter->runController(Object(App\Controllers\Artikel))
 3 SYSTEMPATH\CodeIgniter.php(368): CodeIgniter\CodeIgniter->handleRequest(null, Object(Config\Cache), false)
 4 FCPATH\index.php(67): CodeIgniter\CodeIgniter->run()
 5 SYSTEMPATH\Commands\Server\rewrite.php(47): require_once('C:\\xampp\\htdocs\\lab11_php_ci\\ci4\\public\\index.php')
CRITICAL - 2023-05-12 14:07:21 --> Class "App\Models\ArtikelModel" not found
in APPPATH\Controllers\Artikel.php on line 12.
 1 SYSTEMPATH\CodeIgniter.php(934): App\Controllers\Artikel->index()
 2 SYSTEMPATH\CodeIgniter.php(499): CodeIgniter\CodeIgniter->runController(Object(App\Controllers\Artikel))
 3 SYSTEMPATH\CodeIgniter.php(368): CodeIgniter\CodeIgniter->handleRequest(null, Object(Config\Cache), false)
 4 FCPATH\index.php(67): CodeIgniter\CodeIgniter->run()
 5 SYSTEMPATH\Commands\Server\rewrite.php(47): require_once('C:\\xampp\\htdocs\\lab11_php_ci\\ci4\\public\\index.php')
CRITICAL - 2023-05-12 14:11:39 --> Class "App\Models\ArtikelModel" not found
in APPPATH\Controllers\Artikel.php on line 12.
 1 SYSTEMPATH\CodeIgniter.php(934): App\Controllers\Artikel->index()
 2 SYSTEMPATH\CodeIgniter.php(499): CodeIgniter\CodeIgniter->runController(Object(App\Controllers\Artikel))
 3 SYSTEMPATH\CodeIgniter.php(368): CodeIgniter\CodeIgniter->handleRequest(null, Object(Config\Cache), false)
 4 FCPATH\index.php(67): CodeIgniter\CodeIgniter->run()
 5 SYSTEMPATH\Commands\Server\rewrite.php(47): require_once('C:\\xampp\\htdocs\\lab11_php_ci\\ci4\\public\\index.php')
CRITICAL - 2023-05-12 14:11:41 --> Class "App\Models\ArtikelModel" not found
in APPPATH\Controllers\Artikel.php on line 12.
 1 SYSTEMPATH\CodeIgniter.php(934): App\Controllers\Artikel->index()
 2 SYSTEMPATH\CodeIgniter.php(499): CodeIgniter\CodeIgniter->runController(Object(App\Controllers\Artikel))
 3 SYSTEMPATH\CodeIgniter.php(368): CodeIgniter\CodeIgniter->handleRequest(null, Object(Config\Cache), false)
 4 FCPATH\index.php(67): CodeIgniter\CodeIgniter->run()
 5 SYSTEMPATH\Commands\Server\rewrite.php(47): require_once('C:\\xampp\\htdocs\\lab11_php_ci\\ci4\\public\\index.php')
CRITICAL - 2023-05-12 14:40:07 --> Class "App\Models\ArtikelModel" not found
in APPPATH\Controllers\Artikel.php on line 12.
 1 SYSTEMPATH\CodeIgniter.php(934): App\Controllers\Artikel->index()
 2 SYSTEMPATH\CodeIgniter.php(499): CodeIgniter\CodeIgniter->runController(Object(App\Controllers\Artikel))
 3 SYSTEMPATH\CodeIgniter.php(368): CodeIgniter\CodeIgniter->handleRequest(null, Object(Config\Cache), false)
 4 FCPATH\index.php(67): CodeIgniter\CodeIgniter->run()
 5 SYSTEMPATH\Commands\Server\rewrite.php(47): require_once('C:\\xampp\\htdocs\\lab11_php_ci\\ci4\\public\\index.php')
CRITICAL - 2023-05-12 14:40:33 --> Class "App\Models\ArtikelModel" not found
in APPPATH\Controllers\Artikel.php on line 12.
 1 SYSTEMPATH\CodeIgniter.php(934): App\Controllers\Artikel->index()
 2 SYSTEMPATH\CodeIgniter.php(499): CodeIgniter\CodeIgniter->runController(Object(App\Controllers\Artikel))
 3 SYSTEMPATH\CodeIgniter.php(368): CodeIgniter\CodeIgniter->handleRequest(null, Object(Config\Cache), false)
 4 FCPATH\index.php(67): CodeIgniter\CodeIgniter->run()
 5 SYSTEMPATH\Commands\Server\rewrite.php(47): require_once('C:\\xampp\\htdocs\\lab11_php_ci\\ci4\\public\\index.php')
